 %% PLEASE DO NOT MODIFY OR DELETE THIS FILE! %% 
 %% This file contains information about the installation of an application. %% 
 %% It will be used to automatically remove all application components from your computer if you choose to do so. %% 


NOTE: Beginning of the bootstrapper section

CONFIG: Title: "Sola_Scriptura_Library_Lite"

ACTION: RegKey: "HKEY_LOCAL_MACHINE\SOFTWARE\Microsoft\Windows\CurrentVersion", "SharedDLLs"

ACTION: SystemFile: "E:\WINDOWS\system32\VB6STKIT.DLL"
(File currently on disk was already up to date)

ACTION: SystemFile: "E:\WINDOWS\system32\COMCAT.DLL"
(File currently on disk was already up to date)

ACTION: SystemFile: "E:\WINDOWS\system32\stdole2.tlb"
(File currently on disk was already up to date)

ACTION: SystemFile: "E:\WINDOWS\system32\asycfilt.dll"
(File currently on disk was already up to date)

ACTION: SystemFile: "E:\WINDOWS\system32\olepro32.dll"
(File currently on disk was already up to date)

ACTION: SystemFile: "E:\WINDOWS\system32\oleaut32.dll"
(File currently on disk was already up to date)

ACTION: SystemFile: "E:\WINDOWS\system32\msvbvm60.dll"
(File currently on disk was already up to date)

ACTION: DllSelfRegister: "E:\WINDOWS\SYSTEM32\COMCAT.DLL"

ACTION: TLBRegister: "E:\WINDOWS\SYSTEM32\stdole2.tlb"

ACTION: DllSelfRegister: "E:\WINDOWS\SYSTEM32\olepro32.dll"

ACTION: DllSelfRegister: "E:\WINDOWS\SYSTEM32\oleaut32.dll"

ACTION: DllSelfRegister: "E:\WINDOWS\SYSTEM32\msvbvm60.dll"

NOTE: End of the bootstrapper section

NOTE: Now spawning the main Setup program 'Setup1.exe'....

ACTION: CreateDir: "E:\Documents and Settings\Jeffrey Lim\Start Menu\Programs\Sola_Scriptura_Library_Lite"

ACTION: SharedFile: "c:\Sola_Scriptura_Library_Lite\WEBCATALOGUE.mdb"
(File currently on disk was already up to date)

ACTION: SharedFile: "E:\WINDOWS\system32\GOCONN.OCX"
(File was not found or was an older version -- new file copied)

ACTION: SharedFile: "c:\Sola_Scriptura_Library_Lite\SWBGRADIENT.OCX"
(File was not found or was an older version -- new file copied)

ACTION: SharedFile: "E:\WINDOWS\system32\TABCTL32.OCX"
(File was not found or was an older version -- new file copied)

ACTION: SharedFile: "E:\WINDOWS\system32\msstdfmt.dll"
(File was not found or was an older version -- new file copied)

ACTION: SharedFile: "E:\WINDOWS\system32\MSBIND.DLL"
(File was not found or was an older version -- new file copied)

ACTION: SharedFile: "E:\WINDOWS\system32\mschrt20.ocx"
(File was not found or was an older version -- new file copied)

ACTION: SharedFile: "E:\WINDOWS\system32\COMCT332.OCX"
(File was not found or was an older version -- new file copied)

ACTION: SharedFile: "E:\WINDOWS\system32\MSMAPI32.OCX"
(File was not found or was an older version -- new file copied)

ACTION: SharedFile: "E:\WINDOWS\system32\MSCOMCTL.OCX"
(File was not found or was an older version -- new file copied)

ACTION: SharedFile: "E:\WINDOWS\system32\MSADODC.OCX"
(File was not found or was an older version -- new file copied)

ACTION: SharedFile: "E:\WINDOWS\system32\MSDATGRD.OCX"
(File was not found or was an older version -- new file copied)

ACTION: SharedFile: "E:\WINDOWS\system32\msado25.tlb"
(File was not found or was an older version -- new file copied)

ACTION: SharedFile: "c:\Sola_Scriptura_Library_Lite\Sola_Scriptura_Library.exe"
(File was not found or was an older version -- new file copied)

ACTION: DllSelfRegister: "E:\WINDOWS\system32\GOCONN.OCX"

ACTION: DllSelfRegister: "c:\Sola_Scriptura_Library_Lite\SWBGRADIENT.OCX"

ACTION: DllSelfRegister: "E:\WINDOWS\system32\TABCTL32.OCX"

ACTION: DllSelfRegister: "E:\WINDOWS\system32\msstdfmt.dll"

ACTION: DllSelfRegister: "E:\WINDOWS\system32\MSBIND.DLL"

ACTION: DllSelfRegister: "E:\WINDOWS\system32\mschrt20.ocx"

ACTION: DllSelfRegister: "E:\WINDOWS\system32\COMCT332.OCX"

ACTION: DllSelfRegister: "E:\WINDOWS\system32\MSMAPI32.OCX"

ACTION: DllSelfRegister: "E:\WINDOWS\system32\MSCOMCTL.OCX"

ACTION: DllSelfRegister: "E:\WINDOWS\system32\MSADODC.OCX"

ACTION: DllSelfRegister: "E:\WINDOWS\system32\MSDATGRD.OCX"

ACTION: ShellLink: "Sola_Scriptura_Library_Lite", "Sola_Scriptura_Library_Lite"

ACTION: RegKey: "HKEY_LOCAL_MACHINE\SOFTWARE\Microsoft\Windows\CurrentVersion", "App Paths\Sola_Scriptura_Library.exe"

ACTION: RegValue: "HKEY_LOCAL_MACHINE\SOFTWARE\Microsoft\Windows\CurrentVersion\App Paths\Sola_Scriptura_Library.exe", ""

